<?xml version="1.0" encoding="UTF-8"?>
<testsuite xmlns:xsi="http://www.w3.org/2001/XMLSchema-instance" xsi:noNamespaceSchemaLocation="https://maven.apache.org/surefire/maven-surefire-plugin/xsd/surefire-test-report.xsd" version="3.0.2" name="br.com.javatests.business.CourseBusinessMockTest" time="23.038" tests="4" errors="0" skipped="0" failures="0">
  <properties>
[...]
</properties>
  <testcase name="testDeleteCourseNotRelatedToSpring_UsingArgumentCapture" classname="br.com.javatests.business.CourseBusinessMockTest" time="22.889">
    <system-err><![CDATA[WARNING: A Java agent has been loaded dynamically (C:\Users\Raquel\.m2\repository\net\bytebuddy\byte-buddy-agent\1.15.0\byte-buddy-agent-1.15.0.jar)
WARNING: If a serviceability tool is in use, please run with -XX:+EnableDynamicAgentLoading to hide this warning
WARNING: If a serviceability tool is not in use, please run with -Djdk.instrument.traceUsage for more information
WARNING: Dynamic loading of agents will be disallowed by default in a future release
]]></system-err>
  </testcase>
  <testcase name="testDeleteCourseNotRelatedToSpring_ShouldCallMethodDeleteCourseV2" classname="br.com.javatests.business.CourseBusinessMockTest" time="0.006"/>
  <testcase name="testDeleteCourseNotRelatedToSpring_ShouldCallMethodDeleteCourse" classname="br.com.javatests.business.CourseBusinessMockTest" time="0.004"/>
  <testcase name="testRetrieveCoursesRelatedToSpring_When_UsingAMock" classname="br.com.javatests.business.CourseBusinessMockTest" time="0.003"/>
</testsuite>